2022-10-20 13:37:34,961 INFO Set uid to user 0 succeeded
2022-10-20 13:37:34,982 INFO supervisord started with pid 84
2022-10-20 13:37:35,986 INFO spawned: 'docusaurus' with pid 85
2022-10-20 13:37:37,330 INFO success: docusaurus entered RUNNING state, process has stayed up for > than 1 seconds (startsecs)
2022-10-20 13:48:06,274 INFO Set uid to user 0 succeeded
2022-10-20 13:48:06,310 INFO supervisord started with pid 7
2022-10-20 13:48:07,314 INFO spawned: 'docusaurus' with pid 8
2022-10-20 13:48:08,325 INFO success: docusaurus entered RUNNING state, process has stayed up for > than 1 seconds (startsecs)
2022-10-20 14:18:37,803 INFO Set uid to user 0 succeeded
2022-10-20 14:18:37,900 INFO supervisord started with pid 7
2022-10-20 14:18:38,902 INFO spawned: 'docusaurus' with pid 8
2022-10-20 14:18:39,912 INFO success: docusaurus entered RUNNING state, process has stayed up for > than 1 seconds (startsecs)
2022-10-20 14:19:06,193 INFO exited: docusaurus (exit status 1; not expected)
2022-10-20 14:26:03,406 INFO Set uid to user 0 succeeded
2022-10-20 14:26:03,420 INFO supervisord started with pid 7
2022-10-20 14:26:04,423 INFO spawned: 'docusaurus' with pid 8
2022-10-20 14:26:05,701 INFO success: docusaurus entered RUNNING state, process has stayed up for > than 1 seconds (startsecs)
2022-10-20 14:26:07,842 INFO exited: docusaurus (exit status 1; not expected)
2022-10-20 14:26:23,427 INFO Set uid to user 0 succeeded
2022-10-20 14:26:23,430 INFO supervisord started with pid 7
2022-10-20 14:26:24,433 INFO spawned: 'docusaurus' with pid 8
2022-10-20 14:26:25,778 INFO success: docusaurus entered RUNNING state, process has stayed up for > than 1 seconds (startsecs)
2022-10-20 14:36:44,241 INFO Set uid to user 0 succeeded
2022-10-20 14:36:44,254 INFO supervisord started with pid 7
2022-10-20 14:36:45,258 INFO spawned: 'docusaurus' with pid 8
2022-10-20 14:36:46,643 INFO success: docusaurus entered RUNNING state, process has stayed up for > than 1 seconds (startsecs)
2022-10-20 14:39:32,449 INFO Set uid to user 0 succeeded
2022-10-20 14:39:32,462 INFO supervisord started with pid 7
2022-10-20 14:39:33,467 INFO spawned: 'docusaurus' with pid 8
2022-10-20 14:39:34,763 INFO success: docusaurus entered RUNNING state, process has stayed up for > than 1 seconds (startsecs)
2022-10-20 14:42:35,929 INFO Set uid to user 0 succeeded
2022-10-20 14:42:35,933 INFO supervisord started with pid 7
2022-10-20 14:42:36,936 INFO spawned: 'docusaurus' with pid 8
2022-10-20 14:42:38,164 INFO success: docusaurus entered RUNNING state, process has stayed up for > than 1 seconds (startsecs)
2022-10-21 06:11:28,307 INFO Set uid to user 0 succeeded
2022-10-21 06:11:28,331 INFO supervisord started with pid 7
2022-10-21 06:11:29,335 INFO spawned: 'docusaurus' with pid 8
2022-10-21 06:11:30,345 INFO success: docusaurus entered RUNNING state, process has stayed up for > than 1 seconds (startsecs)
2022-10-21 06:33:54,969 INFO Set uid to user 0 succeeded
2022-10-21 06:33:54,981 INFO supervisord started with pid 7
2022-10-21 06:33:55,985 INFO spawned: 'docusaurus' with pid 8
2022-10-21 06:33:56,996 INFO success: docusaurus entered RUNNING state, process has stayed up for > than 1 seconds (startsecs)
2022-10-21 06:34:25,705 INFO Set uid to user 0 succeeded
2022-10-21 06:34:25,723 INFO supervisord started with pid 7
2022-10-21 06:34:26,727 INFO spawned: 'docusaurus' with pid 8
2022-10-21 06:34:28,225 INFO success: docusaurus entered RUNNING state, process has stayed up for > than 1 seconds (startsecs)
2022-10-21 06:59:16,999 INFO Set uid to user 0 succeeded
2022-10-21 06:59:17,014 INFO supervisord started with pid 7
2022-10-21 06:59:18,017 INFO spawned: 'docusaurus' with pid 8
2022-10-21 06:59:19,025 INFO success: docusaurus entered RUNNING state, process has stayed up for > than 1 seconds (startsecs)
2022-10-21 06:59:28,844 INFO exited: docusaurus (exit status 1; not expected)
2022-10-21 07:00:09,697 INFO Set uid to user 0 succeeded
2022-10-21 07:00:09,700 INFO supervisord started with pid 7
2022-10-21 07:00:10,703 INFO spawned: 'docusaurus' with pid 8
2022-10-21 07:00:11,905 INFO success: docusaurus entered RUNNING state, process has stayed up for > than 1 seconds (startsecs)
2022-10-21 07:30:35,420 INFO Set uid to user 0 succeeded
2022-10-21 07:30:35,469 INFO supervisord started with pid 6
2022-10-21 07:30:36,473 INFO spawned: 'docusaurus' with pid 7
2022-10-21 07:30:37,496 INFO success: docusaurus entered RUNNING state, process has stayed up for > than 1 seconds (startsecs)
2022-10-21 07:30:55,187 INFO exited: docusaurus (exit status 1; not expected)
2022-10-21 07:32:49,599 INFO Set uid to user 0 succeeded
2022-10-21 07:32:49,602 INFO supervisord started with pid 8
2022-10-21 07:32:50,605 INFO spawned: 'docusaurus' with pid 9
2022-10-21 07:32:51,864 INFO success: docusaurus entered RUNNING state, process has stayed up for > than 1 seconds (startsecs)
2022-10-21 07:32:53,160 INFO exited: docusaurus (exit status 1; not expected)
2022-10-21 07:35:24,386 INFO Set uid to user 0 succeeded
2022-10-21 07:35:24,389 INFO supervisord started with pid 7
2022-10-21 07:35:25,392 INFO spawned: 'docusaurus' with pid 8
2022-10-21 07:35:26,932 INFO success: docusaurus entered RUNNING state, process has stayed up for > than 1 seconds (startsecs)
2022-10-21 07:54:11,166 INFO Set uid to user 0 succeeded
2022-10-21 07:54:11,178 INFO supervisord started with pid 7
2022-10-21 07:54:12,181 INFO spawned: 'docusaurus' with pid 8
2022-10-21 07:54:13,574 INFO success: docusaurus entered RUNNING state, process has stayed up for > than 1 seconds (startsecs)
2022-10-21 07:57:08,173 INFO Set uid to user 0 succeeded
2022-10-21 07:57:08,175 INFO supervisord started with pid 7
2022-10-21 07:57:09,178 INFO spawned: 'docusaurus' with pid 8
2022-10-21 07:57:10,395 INFO success: docusaurus entered RUNNING state, process has stayed up for > than 1 seconds (startsecs)
2022-10-21 08:29:56,859 INFO Set uid to user 0 succeeded
2022-10-21 08:29:56,864 INFO supervisord started with pid 7
2022-10-21 08:29:57,867 INFO spawned: 'docusaurus' with pid 8
2022-10-21 08:29:59,417 INFO success: docusaurus entered RUNNING state, process has stayed up for > than 1 seconds (startsecs)
2022-10-21 08:49:47,465 INFO Set uid to user 0 succeeded
2022-10-21 08:49:47,478 INFO supervisord started with pid 7
2022-10-21 08:49:48,481 INFO spawned: 'docusaurus' with pid 8
2022-10-21 08:49:50,220 INFO success: docusaurus entered RUNNING state, process has stayed up for > than 1 seconds (startsecs)
2022-10-21 09:31:34,181 INFO Set uid to user 0 succeeded
2022-10-21 09:31:34,197 INFO supervisord started with pid 7
2022-10-21 09:31:35,200 INFO spawned: 'docusaurus' with pid 8
2022-10-21 09:31:36,211 INFO success: docusaurus entered RUNNING state, process has stayed up for > than 1 seconds (startsecs)
2022-10-21 09:36:51,503 INFO Set uid to user 0 succeeded
2022-10-21 09:36:51,515 INFO supervisord started with pid 7
2022-10-21 09:36:52,518 INFO spawned: 'docusaurus' with pid 8
2022-10-21 09:36:53,802 INFO success: docusaurus entered RUNNING state, process has stayed up for > than 1 seconds (startsecs)
2022-10-21 10:54:11,763 INFO Set uid to user 0 succeeded
2022-10-21 10:54:11,821 INFO supervisord started with pid 7
2022-10-21 10:54:12,823 INFO spawned: 'docusaurus' with pid 8
2022-10-21 10:54:13,841 INFO success: docusaurus entered RUNNING state, process has stayed up for > than 1 seconds (startsecs)
2022-10-21 10:58:20,965 INFO Set uid to user 0 succeeded
2022-10-21 10:58:20,976 INFO supervisord started with pid 7
2022-10-21 10:58:21,980 INFO spawned: 'docusaurus' with pid 8
2022-10-21 10:58:23,189 INFO success: docusaurus entered RUNNING state, process has stayed up for > than 1 seconds (startsecs)
